<?xml version="1.0" encoding="UTF-8"?>
<!-- Generated by org.testng.reporters.JUnitReportReporter -->
<testsuite hostname="LAPTOP-UPPEUJHV" name="TestFramework.TestngAnnotations" tests="3" failures="0" timestamp="3 Jul 2017 21:17:56 GMT" time="0.006" errors="0">
  <testcase name="secondtests" time="0.001" classname="TestFramework.TestngAnnotations"/>
  <testcase name="thirdtests" time="0.003" classname="TestFramework.TestngAnnotations"/>
  <testcase name="firsttests" time="0.002" classname="TestFramework.TestngAnnotations"/>
</testsuite> <!-- TestFramework.TestngAnnotations -->
