<?xml version="1.0" encoding="UTF-8"?>
<!-- Generated by org.testng.reporters.JUnitReportReporter -->
<testsuite hostname="LAPTOP-UPPEUJHV" name="TestFramework.Test_RestABasicFeatures" tests="1" failures="0" timestamp="15 Sep 2017 10:30:28 GMT" time="5.553" errors="0">
  <testcase name="testAndFeatureForReadability" time="5.553" classname="TestFramework.Test_RestABasicFeatures"/>
</testsuite> <!-- TestFramework.Test_RestABasicFeatures -->
