<?xml version="1.0" encoding="UTF-8"?>
<!-- Generated by org.testng.reporters.JUnitReportReporter -->
<testsuite hostname="LAPTOP-UPPEUJHV" name="TestFramework.Test2_SettingRoot" tests="1" failures="0" timestamp="15 Sep 2017 18:23:42 GMT" time="3.659" errors="0">
  <testcase name="testDetachRoot" time="3.659" classname="TestFramework.Test2_SettingRoot"/>
</testsuite> <!-- TestFramework.Test2_SettingRoot -->
