<?xml version="1.0" encoding="UTF-8"?>
<!-- Generated by org.testng.reporters.JUnitReportReporter -->
<testsuite hostname="LAPTOP-UPPEUJHV" name="YT_RestAssuredTests.Test8_GetHeadersAndCookies" tests="1" failures="0" timestamp="20 Sep 2017 22:22:02 GMT" time="4.831" errors="0">
  <testcase name="testDetailedCookies" time="4.831" classname="YT_RestAssuredTests.Test8_GetHeadersAndCookies"/>
</testsuite> <!-- YT_RestAssuredTests.Test8_GetHeadersAndCookies -->
