<?xml version="1.0" encoding="UTF-8"?>
<!-- Generated by org.testng.reporters.JUnitReportReporter -->
<testsuite hostname="LAPTOP-UPPEUJHV" name="YT_RestAssuredTests.Test_1BasicFeaturesForXml" tests="1" failures="0" timestamp="15 Sep 2017 19:44:41 GMT" time="2.958" errors="0">
  <testcase name="testUsingXpath2" time="2.958" classname="YT_RestAssuredTests.Test_1BasicFeaturesForXml"/>
</testsuite> <!-- YT_RestAssuredTests.Test_1BasicFeaturesForXml -->
