<?xml version="1.0" encoding="UTF-8"?>
<!-- Generated by org.testng.reporters.JUnitReportReporter -->
<testsuite hostname="LAPTOP-UPPEUJHV" name="TestFramework.Basicswithlog" tests="1" failures="0" timestamp="3 Jul 2017 21:17:56 GMT" time="1.215" errors="0">
  <testcase name="Test1" time="1.215" classname="TestFramework.Basicswithlog"/>
</testsuite> <!-- TestFramework.Basicswithlog -->
