<?xml version="1.0" encoding="UTF-8"?>
<!-- Generated by org.testng.reporters.JUnitReportReporter -->
<testsuite hostname="LAPTOP-UPPEUJHV" name="YT_RestAssuredTests.Test7_JsonPath" tests="1" failures="0" timestamp="20 Sep 2017 18:35:51 GMT" time="3.606" errors="0">
  <testcase name="testJsonPath2" time="3.606" classname="YT_RestAssuredTests.Test7_JsonPath"/>
</testsuite> <!-- YT_RestAssuredTests.Test7_JsonPath -->
