<?xml version="1.0" encoding="UTF-8"?>
<!-- Generated by org.testng.reporters.JUnitReportReporter -->
<testsuite hostname="LAPTOP-UPPEUJHV" name="TestFramework.Basics4a" tests="1" failures="0" timestamp="3 Jul 2017 21:17:56 GMT" time="0.297" errors="0">
  <testcase name="postData" time="0.297" classname="TestFramework.Basics4a"/>
</testsuite> <!-- TestFramework.Basics4a -->
