<?xml version="1.0" encoding="UTF-8"?>
<!-- Generated by org.testng.reporters.JUnitReportReporter -->
<testsuite hostname="LAPTOP-UPPEUJHV" name="TestFramework.Basics8" tests="1" failures="0" timestamp="3 Jul 2017 21:17:56 GMT" time="2.622" errors="0">
  <testcase name="JiraAPICommentUpdate" time="2.622" classname="TestFramework.Basics8"/>
</testsuite> <!-- TestFramework.Basics8 -->
