<?xml version="1.0" encoding="UTF-8"?>
<!-- Generated by org.testng.reporters.JUnitReportReporter -->
<testsuite hostname="LAPTOP-UPPEUJHV" name="TestFramework.Basics2" tests="1" failures="0" timestamp="3 Jul 2017 21:17:56 GMT" time="0.181" errors="0">
  <testcase name="createPlaceAPI" time="0.181" classname="TestFramework.Basics2"/>
</testsuite> <!-- TestFramework.Basics2 -->
