<?xml version="1.0" encoding="UTF-8"?>
<!-- Generated by org.testng.reporters.JUnitReportReporter -->
<testsuite hostname="LAPTOP-UPPEUJHV" name="YT_RestAssuredTests.Test5_ReadResponseInDiffWays" tests="1" failures="0" timestamp="17 Sep 2017 21:25:04 GMT" time="2.917" errors="0">
  <testcase name="testExtractDetailsUsingResponse" time="2.917" classname="YT_RestAssuredTests.Test5_ReadResponseInDiffWays"/>
</testsuite> <!-- YT_RestAssuredTests.Test5_ReadResponseInDiffWays -->
