<?xml version="1.0" encoding="UTF-8"?>
<!-- Generated by org.testng.reporters.JUnitReportReporter -->
<testsuite hostname="LAPTOP-UPPEUJHV" name="TestFramework.Basics3" tests="1" failures="0" timestamp="3 Jul 2017 21:17:56 GMT" time="0.370" errors="0">
  <testcase name="AddandDeletePlace" time="0.370" classname="TestFramework.Basics3"/>
</testsuite> <!-- TestFramework.Basics3 -->
