<?xml version="1.0" encoding="UTF-8"?>
<!-- Generated by org.testng.reporters.JUnitReportReporter -->
<testsuite hostname="LAPTOP-UPPEUJHV" name="TestFramework.Basics5" tests="1" failures="0" timestamp="3 Jul 2017 21:17:56 GMT" time="0.690" errors="0">
  <testcase name="extractingNamesAPI" time="0.690" classname="TestFramework.Basics5"/>
</testsuite> <!-- TestFramework.Basics5 -->
