<?xml version="1.0" encoding="UTF-8"?>
<!-- Generated by org.testng.reporters.JUnitReportReporter -->
<testsuite hostname="LAPTOP-UPPEUJHV" name="YT_RestAssuredTests.Test6_GroovyFeatures" tests="1" failures="0" timestamp="20 Sep 2017 17:49:22 GMT" time="3.627" errors="0">
  <testcase name="testConditionsOnList" time="3.627" classname="YT_RestAssuredTests.Test6_GroovyFeatures"/>
</testsuite> <!-- YT_RestAssuredTests.Test6_GroovyFeatures -->
