<?xml version="1.0" encoding="UTF-8"?>
<!-- Generated by org.testng.reporters.JUnitReportReporter -->
<testsuite hostname="LAPTOP-UPPEUJHV" name="TestFramework.Test_1BasicFeaturesForXml" tests="1" failures="0" timestamp="15 Sep 2017 15:27:13 GMT" time="3.039" errors="0">
  <testcase name="testUsingXpath2" time="3.039" classname="TestFramework.Test_1BasicFeaturesForXml"/>
</testsuite> <!-- TestFramework.Test_1BasicFeaturesForXml -->
