<?xml version="1.0" encoding="UTF-8"?>
<!-- Generated by org.testng.reporters.JUnitReportReporter -->
<testsuite hostname="LAPTOP-UPPEUJHV" name="TestFramework.Basics" tests="1" failures="0" timestamp="3 Jul 2017 21:17:56 GMT" time="0.417" errors="0">
  <testcase name="getPlaceAPI" time="0.417" classname="TestFramework.Basics"/>
</testsuite> <!-- TestFramework.Basics -->
